<?xml version="1.0" encoding="UTF-8"?>
<!-- Generated by org.testng.reporters.JUnitReportReporter -->
<testsuite hostname="TESTER-WS14-PC" name="test.TestLogin" tests="1" failures="0" timestamp="21 Oct 2019 07:43:19 GMT" time="12.066" errors="0">
  <testcase name="loginDemo" time="12.066" classname="test.TestLogin"/>
</testsuite> <!-- test.TestLogin -->
