<?xml version="1.0" encoding="UTF-8"?>
<!-- Generated by org.testng.reporters.JUnitReportReporter -->
<testsuite hostname="TESTER-WS14-PC" name="test.TestPlan_setup_submission" tests="4" failures="0" timestamp="16 Aug 2019 06:51:15 GMT" time="24.662" errors="0">
  <testcase name="EE" time="7.100" classname="test.TestPlan_setup_submission"/>
  <testcase name="ESScompany" time="9.860" classname="test.TestPlan_setup_submission"/>
  <testcase name="Clientlink" time="3.973" classname="test.TestPlan_setup_submission"/>
  <testcase name="loginDemo" time="3.729" classname="test.TestPlan_setup_submission"/>
</testsuite> <!-- test.TestPlan_setup_submission -->
