<?xml version="1.0" encoding="UTF-8"?>
<!-- Generated by org.testng.reporters.JUnitReportReporter -->
<testsuite hostname="TESTER-WS14-PC" name="test.TestAddemployee" tests="5" failures="0" timestamp="28 Aug 2019 10:02:11 GMT" time="37.729" errors="0">
  <testcase name="Clientmenu" time="3.671" classname="test.TestAddemployee"/>
  <testcase name="SearchACompany" time="11.909" classname="test.TestAddemployee"/>
  <testcase name="loginDemo" time="5.146" classname="test.TestAddemployee"/>
  <testcase name="ClickonAddLink" time="2.977" classname="test.TestAddemployee"/>
  <testcase name="Clientdemo" time="14.026" classname="test.TestAddemployee"/>
</testsuite> <!-- test.TestAddemployee -->
